TN:
SF:script/DeployRaffle.s.sol
DA:15,9
FN:15,DeployRaffle.run
FNDA:9,DeployRaffle.run
DA:16,9
DA:17,9
DA:20,9
FN:20,DeployRaffle.deployContract
FNDA:9,DeployRaffle.deployContract
DA:21,9
DA:23,9
DA:25,9
BRDA:25,0,0,9
DA:26,9
DA:27,9
DA:31,9
DA:32,9
DA:38,9
DA:39,9
DA:47,9
DA:48,9
DA:50,9
DA:55,9
FNF:2
FNH:2
LF:17
LH:17
BRF:1
BRH:1
end_of_record
TN:
SF:script/HelperConfig.s.sol
DA:37,9
FN:37,HelperConfig.constructor
FNDA:9,HelperConfig.constructor
DA:38,9
DA:39,9
DA:42,18
FN:42,HelperConfig.getConfigByChainId
FNDA:18,HelperConfig.getConfigByChainId
DA:45,18
BRDA:45,0,0,-
BRDA:45,0,1,-
DA:46,0
DA:47,18
BRDA:47,1,0,18
BRDA:47,1,1,-
DA:48,18
DA:50,0
DA:54,18
FN:54,HelperConfig.getConfig
FNDA:18,HelperConfig.getConfig
DA:55,18
DA:58,18
FN:58,HelperConfig.getOrCreateAnvilEthConfig
FNDA:18,HelperConfig.getOrCreateAnvilEthConfig
DA:62,18
BRDA:62,2,0,-
DA:63,0
DA:65,18
DA:66,18
DA:71,18
DA:72,18
DA:74,18
DA:86,9
FN:86,HelperConfig.getSepoliaConfig
FNDA:9,HelperConfig.getSepoliaConfig
DA:87,9
DA:99,9
FN:99,HelperConfig.getLocationConfig
FNDA:9,HelperConfig.getLocationConfig
DA:100,9
BRDA:100,3,0,-
DA:101,0
FNF:6
FNH:6
LF:24
LH:20
BRF:6
BRH:1
end_of_record
TN:
SF:script/Interactions.sol
DA:16,0
FN:16,CreateSubscription.createSubscriptionUsingConfig
FNDA:0,CreateSubscription.createSubscriptionUsingConfig
DA:17,0
DA:18,0
DA:19,0
DA:22,9
FN:22,CreateSubscription.createSubscription
FNDA:9,CreateSubscription.createSubscription
DA:23,9
DA:24,9
DA:25,9
DA:26,9
DA:27,9
DA:28,9
DA:31,0
FN:31,CreateSubscription.run
FNDA:0,CreateSubscription.run
DA:32,0
DA:38,0
FN:38,FundSubscription.fundSubscriptionUsingConfig
FNDA:0,FundSubscription.fundSubscriptionUsingConfig
DA:39,0
DA:40,0
DA:41,0
DA:42,0
DA:43,0
DA:45,0
BRDA:45,0,0,-
DA:46,0
DA:47,0
DA:50,0
DA:53,9
FN:53,FundSubscription.fundSubscription
FNDA:9,FundSubscription.fundSubscription
DA:58,9
DA:59,9
DA:60,9
DA:62,9
BRDA:62,1,0,9
BRDA:62,1,1,-
DA:63,9
DA:64,9
DA:68,9
DA:70,0
DA:71,0
DA:72,0
DA:73,0
DA:74,0
DA:75,0
DA:76,0
DA:81,0
DA:85,0
FN:85,FundSubscription.run
FNDA:0,FundSubscription.run
DA:86,0
DA:91,0
FN:91,AddConsumer.addConsumerUsingConfig
FNDA:0,AddConsumer.addConsumerUsingConfig
DA:92,0
DA:93,0
DA:94,0
DA:95,0
DA:96,0
DA:99,9
FN:99,AddConsumer.addConsumer
FNDA:9,AddConsumer.addConsumer
DA:104,9
DA:105,9
DA:106,9
DA:107,9
DA:108,9
DA:112,9
DA:115,0
FN:115,AddConsumer.run
FNDA:0,AddConsumer.run
DA:116,0
DA:120,0
FNF:9
FNH:3
LF:57
LH:22
BRF:3
BRH:1
end_of_record
TN:
SF:src/Raffle.sol
DA:54,9
FN:54,Raffle.constructor
FNDA:9,Raffle.constructor
DA:62,9
DA:63,9
DA:64,9
DA:65,9
DA:66,9
DA:67,9
DA:70,7
FN:70,Raffle.enterRaffle
FNDA:7,Raffle.enterRaffle
DA:71,7
BRDA:71,0,0,1
DA:72,1
DA:75,6
BRDA:75,1,0,1
DA:76,1
DA:78,5
DA:79,5
DA:82,4
FN:82,Raffle.checkUpkeep
FNDA:4,Raffle.checkUpkeep
DA:90,4
DA:91,4
DA:92,4
DA:93,4
DA:94,4
DA:95,4
DA:98,1
FN:98,Raffle.performUpkeep
FNDA:1,Raffle.performUpkeep
DA:109,1
DA:110,1
DA:122,1
DA:123,1
DA:126,1
FN:126,Raffle.pickWinner
FNDA:1,Raffle.pickWinner
DA:127,1
BRDA:127,2,0,-
DA:128,0
DA:130,1
DA:132,1
DA:144,1
DA:145,1
DA:148,0
FN:148,Raffle.fulfillRandomWords
FNDA:0,Raffle.fulfillRandomWords
DA:152,0
DA:153,0
DA:154,0
DA:155,0
DA:158,0
BRDA:158,3,0,-
DA:159,0
DA:161,0
DA:162,0
DA:164,0
DA:165,0
DA:170,1
FN:170,Raffle.getEntranceFee
FNDA:1,Raffle.getEntranceFee
DA:171,1
DA:174,0
FN:174,Raffle.getRaffleStatus
FNDA:0,Raffle.getRaffleStatus
DA:175,0
DA:178,1
FN:178,Raffle.getPlayer
FNDA:1,Raffle.getPlayer
DA:179,1
FNF:9
FNH:7
LF:50
LH:36
BRF:4
BRH:2
end_of_record
TN:
SF:test/mocks/LinkToken.sol
DA:15,18
FN:15,LinkToken.constructor
FNDA:18,LinkToken.constructor
DA:16,18
DA:19,0
FN:19,LinkToken.mint
FNDA:0,LinkToken.mint
DA:20,0
DA:31,0
FN:31,LinkToken.transferAndCall
FNDA:0,LinkToken.transferAndCall
DA:32,0
DA:34,0
DA:35,0
BRDA:35,0,0,-
DA:36,0
DA:38,0
DA:43,0
FN:43,LinkToken.contractFallback
FNDA:0,LinkToken.contractFallback
DA:44,0
DA:45,0
DA:48,0
FN:48,LinkToken.isContract
FNDA:0,LinkToken.isContract
DA:49,0
DA:51,0
DA:53,0
FNF:5
FNH:1
LF:17
LH:2
BRF:1
BRH:0
end_of_record
